
> web@0.0.0 build
> next build

Γû▓ Next.js 16.1.1 (Turbopack)
- Environments: .env.local

  Creating an optimized production build ...
Γ£ô Compiled successfully in 15.8s
  Running TypeScript ...
ΓÜá TypeScript project references are not fully supported. Attempting to build in incremental mode.
  Collecting page data using 5 workers ...
  Generating static pages using 5 workers (0/10) ...
  Generating static pages using 5 workers (2/10) 
  Generating static pages using 5 workers (4/10) 
  Generating static pages using 5 workers (7/10) 
Γ£ô Generating static pages using 5 workers (10/10) in 2.2s
  Finalizing page optimization ...

Route (app)
Γöî Γùï /
Γö£ Γùï /_not-found
Γö£ ╞Æ /api/assistant
Γö£ ╞Æ /api/chat
Γö£ ╞Æ /api/generate
Γö£ Γùï /chat
Γö£ Γùï /docs
Γö£ Γùï /generate
Γöö Γùï /vscode


Γùï  (Static)   prerendered as static content
╞Æ  (Dynamic)  server-rendered on demand

